<?xml version="1.0" encoding="UTF-8"?>
<!-- Generated by org.testng.reporters.JUnitXMLReporter -->
<testsuite hostname="MBP-STICKER-148.local" ignored="0" name=" Create Booking Admin " tests="1" failures="1" timestamp="29 Sep 2019 16:13:14 GMT" time="28.546" errors="0">
  <testcase name="create_booking" time="28.528" classname="testcases.cl_transvip_createBookingTest">
    <failure type="java.lang.StringIndexOutOfBoundsException" message="String index out of range: -4">
      <![CDATA[java.lang.StringIndexOutOfBoundsException: String index out of range: -4at java.lang.String.substring(String.java:1927)at pages.cl_transvip_createBooking.set_date_time(cl_transvip_createBooking.java:320)at pages.cl_transvip_createBooking.createBooking(cl_transvip_createBooking.java:261)at testcases.cl_transvip_createBookingTest.create_booking(cl_transvip_createBookingTest.java:26)... Removed 25 stack frames]]>
    </failure>
  </testcase> <!-- create_booking -->
</testsuite> <!--  Create Booking Admin  -->
