<?xml version="1.0" encoding="UTF-8"?>
<!-- Generated by org.testng.reporters.JUnitXMLReporter -->
<testsuite hostname="MBP-STICKER-148.local" ignored="0" name=" Create Booking " tests="1" failures="1" timestamp="2019-09-27T19:04:26 IST" time="20.849" errors="0">
  <testcase name="create_booking" time="20.801" classname="testcases.cl_transvip_createBookingTest">
    <failure type="java.lang.StringIndexOutOfBoundsException" message="String index out of range: -4">
      <![CDATA[java.lang.StringIndexOutOfBoundsException: String index out of range: -4
at java.lang.String.substring(String.java:1927)
at pages.cl_transvip_createBooking.set_date_time(cl_transvip_createBooking.java:303)
at pages.cl_transvip_createBooking.createBooking(cl_transvip_createBooking.java:248)
at testcases.cl_transvip_createBookingTest.create_booking(cl_transvip_createBookingTest.java:26)
at java.util.ArrayList.forEach(ArrayList.java:1257)
... Removed 27 stack frames]]>
    </failure>
  </testcase> <!-- create_booking -->
</testsuite> <!--  Create Booking  -->
