<?xml version="1.0" encoding="UTF-8"?>
<!-- Generated by org.testng.reporters.JUnitXMLReporter -->
<testsuite hostname="mayank" ignored="0" name=" tutor my session 2" tests="1" failures="1" timestamp="03 May 2018 05:24:09 GMT" time="15.151" errors="0">
  <testcase name="TutorMysess" time="15.15" classname="testcases.TutorMysessionTest">
    <failure type="java.lang.AssertionError" message="There is no booking in pending from tutor expected [true] but found [false]">
      <![CDATA[java.lang.AssertionError: There is no booking in pending from tutor expected [true] but found [false]at pages.TutorMysessionPage.MySession(Unknown Source)at testcases.TutorMysessionTest.TutorMysess(Unknown Source)... Removed 27 stack frames]]>
    </failure>
  </testcase> <!-- TutorMysess -->
</testsuite> <!--  tutor my session 2 -->
