<?xml version="1.0" encoding="UTF-8"?>
<!-- Generated by org.testng.reporters.JUnitXMLReporter -->
<testsuite hostname="mayank" ignored="0" name="Browse Tutor" tests="1" failures="1" timestamp="03 May 2018 05:23:08 GMT" time="60.126" errors="0">
  <testcase name="BrowseTutor1" time="60.122" classname="testcases.BrowseTutorTest">
    <failure type="java.lang.AssertionError" message="Home address is not available expected [true] but found [false]">
      <![CDATA[java.lang.AssertionError: Home address is not available expected [true] but found [false]at pages.BrowseTutorPage.BrowseTutor(Unknown Source)at testcases.BrowseTutorTest.BrowseTutor1(Unknown Source)... Removed 27 stack frames]]>
    </failure>
  </testcase> <!-- BrowseTutor1 -->
</testsuite> <!-- Browse Tutor -->
