<?xml version="1.0" encoding="UTF-8"?>
<testng-results skipped="0" failed="0" ignored="0" total="1" passed="1">
  <reporter-output>
  </reporter-output>
  <suite name="Transvip" duration-ms="24015" started-at="2019-09-29T10:04:28Z" finished-at="2019-09-29T10:04:52Z">
    <groups>
    </groups>
    <test name=" Admin Login " duration-ms="24015" started-at="2019-09-29T10:04:28Z" finished-at="2019-09-29T10:04:52Z">
      <class name="testcases.cl_transvip_loginTest">
        <test-method status="PASS" signature="initiate()[pri:0, instance:testcases.cl_transvip_loginTest@3b07a0d6]" name="initiate" is-config="true" duration-ms="3404" started-at="2019-09-29T15:34:25Z" finished-at="2019-09-29T15:34:28Z">
          <reporter-output>
          </reporter-output>
        </test-method> <!-- initiate -->
        <test-method status="PASS" signature="login(java.util.Hashtable)[pri:0, instance:testcases.cl_transvip_loginTest@3b07a0d6]" name="login" duration-ms="23980" started-at="2019-09-29T15:34:28Z" data-provider="AdminLogin" finished-at="2019-09-29T15:34:52Z">
          <params>
            <param index="0">
              <value>
                <![CDATA[{Runmode=Y, AdminPassword=qwertyui, AdminEmail=shamik.chatterjee+1@jungleworks.com}]]>
              </value>
            </param>
          </params>
          <reporter-output>
          </reporter-output>
        </test-method> <!-- login -->
      </class> <!-- testcases.cl_transvip_loginTest -->
    </test> <!--  Admin Login  -->
  </suite> <!-- Transvip -->
</testng-results>
