<?xml version="1.0" encoding="UTF-8"?>
<testng-results skipped="0" failed="0" ignored="0" total="2" passed="2">
  <reporter-output>
  </reporter-output>
  <suite name="Transvip" duration-ms="36730" started-at="2019-10-01T11:23:53Z" finished-at="2019-10-01T11:24:30Z">
    <groups>
    </groups>
    <test name=" Admin Login " duration-ms="10346" started-at="2019-10-01T11:23:53Z" finished-at="2019-10-01T11:24:03Z">
      <class name="testcases.cl_transvip_loginTest">
        <test-method status="PASS" signature="login(java.util.Hashtable)[pri:0, instance:testcases.cl_transvip_loginTest@223f3642]" name="login" duration-ms="10292" started-at="2019-10-01T16:53:53Z" data-provider="AdminLogin" finished-at="2019-10-01T16:54:03Z">
          <params>
            <param index="0">
              <value>
                <![CDATA[{Runmode=Y, AdminPassword=123456789, AdminEmail=nakul.malik@click-labs.com}]]>
              </value>
            </param>
          </params>
          <reporter-output>
          </reporter-output>
        </test-method> <!-- login -->
      </class> <!-- testcases.cl_transvip_loginTest -->
    </test> <!--  Admin Login  -->
    <test name=" Create Booking Admin " duration-ms="25703" started-at="2019-10-01T11:24:04Z" finished-at="2019-10-01T11:24:30Z">
      <class name="testcases.cl_transvip_createBookingTest">
        <test-method status="PASS" signature="create_booking(java.util.Hashtable)[pri:0, instance:testcases.cl_transvip_createBookingTest@309e345f]" name="create_booking" duration-ms="25674" started-at="2019-10-01T16:54:04Z" data-provider="CreateBooking" finished-at="2019-10-01T16:54:30Z">
          <params>
            <param index="0">
              <value>
                <![CDATA[{DropoffAddress=Agustinas 640, Runmode=Y, PickupDate=17/10/2020, PickupAddress=Aeropuerto SCL, RoundTrip=0.0, PickupHour=10.0, PickupHint=Airport, CustomerEmail=shamik.chatterjee@jungleworks.com, paymentMethod=Efectivo Pesos, PickupMinute=30.0, serviceName=Taxi, bookingType=Programada, corporateName=Pruebas Sistema Enlace, NumberOfPassengers=2.0, Observation=Automated Test Booking, ForThirdPerson=1.0, Personal=0.0}]]>
              </value>
            </param>
          </params>
          <reporter-output>
          </reporter-output>
        </test-method> <!-- create_booking -->
      </class> <!-- testcases.cl_transvip_createBookingTest -->
      <class name="testcases.cl_transvip_loginTest">
        <test-method status="PASS" signature="initiate()[pri:0, instance:testcases.cl_transvip_loginTest@223f3642]" name="initiate" is-config="true" duration-ms="3199" started-at="2019-10-01T16:53:50Z" finished-at="2019-10-01T16:53:53Z">
          <reporter-output>
          </reporter-output>
        </test-method> <!-- initiate -->
      </class> <!-- testcases.cl_transvip_loginTest -->
    </test> <!--  Create Booking Admin  -->
  </suite> <!-- Transvip -->
</testng-results>
